读取数据库配置信息...
任务号: 1
Pid: 3874
Sid: 9
等待任务: 3874
读取数据库配置信息...
当前工作目录: /mnt/d/LazyOJ/Judger/run/node_1
写入用户代码文件: /mnt/d/LazyOJ/Judger/run/node_1/Main.c
编译执行结束...
编译状态: 256
编译程序失败...
任务号: 1
Pid: 3911
Sid: 10
等待任务: 3911
读取数据库配置信息...
当前工作目录: /mnt/d/LazyOJ/Judger/run/node_1
写入用户代码文件: /mnt/d/LazyOJ/Judger/run/node_1/Main.cpp
编译执行结束...
编译状态: 256
编译程序失败...
任务号: 1
Pid: 3922
Sid: 11
等待任务: 3922
读取数据库配置信息...
当前工作目录: /mnt/d/LazyOJ/Judger/run/node_1
写入用户代码文件: /mnt/d/LazyOJ/Judger/run/node_1/Main.c
编译执行结束...
编译状态: 0
复制文件测试点文件... 
/mnt/d/LazyOJ/Judger/data/1000
Pid: 3942
开始测试: sample
时间限制: 3
文件限制: 104857600
内存限制: 268435456
进程限制: 1
堆栈限制: 134217728
测试结束: sample
时间: 15
匹配结果：
AC
Pid: 3943
开始测试: test0
时间限制: 3
文件限制: 104857600
内存限制: 268435456
进程限制: 1
堆栈限制: 134217728
测试结束: test0
时间: 0
匹配结果：
AC
测试点个数：2
通过个数：2
最终结果: AC
任务号: 1
Pid: 3946
Sid: 12
等待任务: 3946
读取数据库配置信息...
当前工作目录: /mnt/d/LazyOJ/Judger/run/node_1
写入用户代码文件: /mnt/d/LazyOJ/Judger/run/node_1/Main.cpp
编译执行结束...
编译状态: 0
复制文件测试点文件... 
/mnt/d/LazyOJ/Judger/data/1001
Pid: 3966
开始测试: sample
时间限制: 3
文件限制: 104857600
内存限制: 69206016
进程限制: 1
堆栈限制: 134217728
测试结束: sample
时间: 0
匹配结果：
=============sample.out=============
Line: 6 Result:WA
Expected:
---(NULL)---
Yours:
------
=============sample.out=============


Pid: 3967
开始测试: test0
时间限制: 3
文件限制: 104857600
内存限制: 69206016
进程限制: 1
堆栈限制: 134217728
测试结束: test0
时间: 0
匹配结果：
AC
测试点个数：2
通过个数：1
最终结果: WA
passRate:0.5
任务号: 1
Pid: 3970
Sid: 13
等待任务: 3970
读取数据库配置信息...
当前工作目录: /mnt/d/LazyOJ/Judger/run/node_1
写入用户代码文件: /mnt/d/LazyOJ/Judger/run/node_1/Main.cpp
编译执行结束...
编译状态: 0
复制文件测试点文件... 
/mnt/d/LazyOJ/Judger/data/1001
Pid: 3990
开始测试: sample
时间限制: 3
文件限制: 104857600
内存限制: 69206016
进程限制: 1
堆栈限制: 134217728
测试结束: sample
时间: 0
匹配结果：
AC
Pid: 3991
开始测试: test0
时间限制: 3
文件限制: 104857600
内存限制: 69206016
进程限制: 1
堆栈限制: 134217728
测试结束: test0
时间: 15
匹配结果：
AC
测试点个数：2
通过个数：2
最终结果: AC
等待任务: 3911
等待任务: 3911
等待任务: 3911
等待任务: 3911
